<?xml version="1.0" encoding="UTF-8"?>
<!-- Generated by org.testng.reporters.JUnitReportReporter -->
<testsuite hostname="DESKTOP-554G7MR" failures="0" tests="1" name="testRunner.RegisterToBooKStoreTest" time="10.112" errors="0" timestamp="2024-11-28T21:40:48 IST" skipped="0">
  <testcase classname="testRunner.RegisterToBooKStoreTest" name="RegistertoBookStore" time="10.112"/>
  <system-out/>
</testsuite> <!-- testRunner.RegisterToBooKStoreTest -->
