<?xml version="1.0" encoding="UTF-8"?>
<!-- Generated by org.testng.reporters.JUnitReportReporter -->
<testsuite hostname="DESKTOP-554G7MR" failures="0" tests="1" name="testRunner.SignUpTest" time="17.702" errors="0" timestamp="2024-10-25T11:35:37 IST" skipped="0">
  <testcase classname="testRunner.SignUpTest" name="verifyPerSonalDetails" time="17.702"/>
  <system-out/>
</testsuite> <!-- testRunner.SignUpTest -->
