<?xml version="1.0" encoding="UTF-8"?>
<!-- Generated by org.testng.reporters.JUnitReportReporter -->
<testsuite hostname="DESKTOP-554G7MR" failures="0" tests="1" name="testRunner.PersonalDetailsTest" time="4.432" errors="0" timestamp="2024-11-28T21:42:53 IST" skipped="0">
  <testcase classname="testRunner.PersonalDetailsTest" name="verifyPerSonalDetails" time="4.432"/>
  <system-out/>
</testsuite> <!-- testRunner.PersonalDetailsTest -->
